<?xml version="1.0" encoding="utf-8"?><testsuites name="pytest tests"><testsuite name="pytest" errors="0" failures="0" skipped="0" tests="17" time="4.478" timestamp="2026-06-10T21:28:47.249689+00:00" hostname="agent-env-85266c73-d59c-4594-b003-79f9635c10cb"><testcase classname="backend.tests.test_avirlog_backend.TestAuth" name="test_register_duplicate" time="0.408" /><testcase classname="backend.tests.test_avirlog_backend.TestAuth" name="test_register_new" time="0.330" /><testcase classname="backend.tests.test_avirlog_backend.TestAuth" name="test_login_correct" time="0.684" /><testcase classname="backend.tests.test_avirlog_backend.TestAuth" name="test_login_wrong_password" time="0.321" /><testcase classname="backend.tests.test_avirlog_backend.TestAuth" name="test_me_with_token" time="0.083" /><testcase classname="backend.tests.test_avirlog_backend.TestAuth" name="test_me_without_token" time="0.070" /><testcase classname="backend.tests.test_avirlog_backend.TestLogs" name="test_create_and_get_by_date" time="0.133" /><testcase classname="backend.tests.test_avirlog_backend.TestLogs" name="test_list_logs_requires_filter" time="0.064" /><testcase classname="backend.tests.test_avirlog_backend.TestLogs" name="test_list_logs_range" time="0.091" /><testcase classname="backend.tests.test_avirlog_backend.TestLogs" name="test_logs_dates" time="0.123" /><testcase classname="backend.tests.test_avirlog_backend.TestLogs" name="test_patch_log" time="0.133" /><testcase classname="backend.tests.test_avirlog_backend.TestLogs" name="test_delete_log" time="0.283" /><testcase classname="backend.tests.test_avirlog_backend.TestLogs" name="test_user_scoping" time="0.516" /><testcase classname="backend.tests.test_avirlog_backend.TestSettings" name="test_get_settings_autocreate" time="0.068" /><testcase classname="backend.tests.test_avirlog_backend.TestSettings" name="test_put_settings" time="0.244" /><testcase classname="backend.tests.test_avirlog_backend.TestExportAndAccount" name="test_export" time="0.098" /><testcase classname="backend.tests.test_avirlog_backend.TestExportAndAccount" name="test_delete_account_removes_everything" time="0.598" /></testsuite></testsuites>